<?xml version="1.0" encoding="UTF-8"?>
<!-- Generated by org.testng.reporters.JUnitReportReporter -->
<testsuite hostname="Syful-Lenovo" failures="0" tests="3" name="testNGtutorial.day4" time="0.002" errors="0" timestamp="2018-11-17T20:56:33 EST" skipped="0">
  <testcase classname="testNGtutorial.day4" name="webloginHomeLoan" time="0.002"/>
  <testcase classname="testNGtutorial.day4" name="mobileloginHomeLoan" time="0.000"/>
  <testcase classname="testNGtutorial.day4" name="LoginAPIHomeLoan" time="0.000"/>
</testsuite> <!-- testNGtutorial.day4 -->
