<?xml version="1.0" encoding="UTF-8"?>
<!-- Generated by org.testng.reporters.JUnitReportReporter -->
<testsuite hostname="Syful-Lenovo" failures="0" tests="1" name="testNGtutorial.day1" time="0.002" errors="0" timestamp="2018-11-17T20:56:33 EST" skipped="0">
  <testcase classname="testNGtutorial.day1" name="Demo" time="0.002"/>
</testsuite> <!-- testNGtutorial.day1 -->
