<?xml version="1.0" encoding="UTF-8"?>
<!-- Generated by org.testng.reporters.JUnitReportReporter -->
<testsuite hostname="Syful-Lenovo" failures="0" tests="1" name="testNGtutorial.day2" time="0.001" errors="0" timestamp="2018-11-17T20:56:33 EST" skipped="0">
  <testcase classname="testNGtutorial.day2" name="ploan" time="0.001"/>
</testsuite> <!-- testNGtutorial.day2 -->
